14-06-2021 22:55:42.704 [Gauge] [DEBUG] Created gauge_screenshots_dir at C:\Users\SEHER\IdeaProjects\EducationMobile\.gauge\screenshots
14-06-2021 22:55:42.712 [Gauge] [DEBUG] Plugin java is already installed.
14-06-2021 22:55:42.714 [Gauge] [DEBUG] Plugin html-report is already installed.
14-06-2021 22:55:42.718 [Gauge] [DEBUG] Parsing started.
14-06-2021 22:55:42.718 [Gauge] [DEBUG] Started concepts parsing.
14-06-2021 22:55:42.723 [Gauge] [DEBUG] 0 concepts parsing completed.
14-06-2021 22:55:42.723 [Gauge] [DEBUG] Started specifications parsing.
14-06-2021 22:55:42.725 [Gauge] [DEBUG] 1 specifications parsing completed.
14-06-2021 22:55:42.726 [Gauge] [DEBUG] Parsing completed.
14-06-2021 22:55:42.731 [Gauge] [DEBUG] Staring java runner
14-06-2021 22:55:42.834 [java] [DEBUG] classpath set to C:\Program Files (x86)\Java\jdk1.8.0_271\jre\lib\charsets.jar;C:\Program Files (x86)\Java\jdk1.8.0_271\jre\lib\deploy.jar;C:\Program Files (x86)\Java\jdk1.8.0_271\jre\lib\ext\access-bridge-32.jar;C:\Program Files (x86)\Java\jdk1.8.0_271\jre\lib\ext\cldrdata.jar;C:\Program Files (x86)\Java\jdk1.8.0_271\jre\lib\ext\dnsns.jar;C:\Program Files (x86)\Java\jdk1.8.0_271\jre\lib\ext\jaccess.jar;C:\Program Files (x86)\Java\jdk1.8.0_271\jre\lib\ext\jfxrt.jar;C:\Program Files (x86)\Java\jdk1.8.0_271\jre\lib\ext\localedata.jar;C:\Program Files (x86)\Java\jdk1.8.0_271\jre\lib\ext\nashorn.jar;C:\Program Files (x86)\Java\jdk1.8.0_271\jre\lib\ext\sunec.jar;C:\Program Files (x86)\Java\jdk1.8.0_271\jre\lib\ext\sunjce_provider.jar;C:\Program Files (x86)\Java\jdk1.8.0_271\jre\lib\ext\sunmscapi.jar;C:\Program Files (x86)\Java\jdk1.8.0_271\jre\lib\ext\sunpkcs11.jar;C:\Program Files (x86)\Java\jdk1.8.0_271\jre\lib\ext\zipfs.jar;C:\Program Files (x86)\Java\jdk1.8.0_271\jre\lib\javaws.jar;C:\Program Files (x86)\Java\jdk1.8.0_271\jre\lib\jce.jar;C:\Program Files (x86)\Java\jdk1.8.0_271\jre\lib\jfr.jar;C:\Program Files (x86)\Java\jdk1.8.0_271\jre\lib\jfxswt.jar;C:\Program Files (x86)\Java\jdk1.8.0_271\jre\lib\jsse.jar;C:\Program Files (x86)\Java\jdk1.8.0_271\jre\lib\management-agent.jar;C:\Program Files (x86)\Java\jdk1.8.0_271\jre\lib\plugin.jar;C:\Program Files (x86)\Java\jdk1.8.0_271\jre\lib\resources.jar;C:\Program Files (x86)\Java\jdk1.8.0_271\jre\lib\rt.jar;C:\Users\SEHER\IdeaProjects\EducationMobile\target\test-classes;C:\Users\SEHER\.m2\repository\junit\junit\4.12\junit-4.12.jar;C:\Users\SEHER\.m2\repository\org\hamcrest\hamcrest-core\1.3\hamcrest-core-1.3.jar;C:\Users\SEHER\.m2\repository\com\thoughtworks\gauge\gauge-java\0.7.3\gauge-java-0.7.3.jar;C:\Users\SEHER\.m2\repository\org\reflections\reflections\0.9.11\reflections-0.9.11.jar;C:\Users\SEHER\.m2\repository\com\github\javaparser\javaparser-core\2.5.1\javaparser-core-2.5.1.jar;C:\Users\SEHER\.m2\repository\commons-io\commons-io\2.6\commons-io-2.6.jar;C:\Users\SEHER\.m2\repository\commons-lang\commons-lang\2.6\commons-lang-2.6.jar;C:\Users\SEHER\.m2\repository\org\json\json\20190722\json-20190722.jar;C:\Users\SEHER\.m2\repository\com\google\protobuf\protobuf-java\3.10.0\protobuf-java-3.10.0.jar;C:\Users\SEHER\.m2\repository\com\google\guava\guava\28.1-jre\guava-28.1-jre.jar;C:\Users\SEHER\.m2\repository\com\google\guava\failureaccess\1.0.1\failureaccess-1.0.1.jar;C:\Users\SEHER\.m2\repository\com\google\guava\listenablefuture\9999.0-empty-to-avoid-conflict-with-guava\listenablefuture-9999.0-empty-to-avoid-conflict-with-guava.jar;C:\Users\SEHER\.m2\repository\com\google\code\findbugs\jsr305\3.0.2\jsr305-3.0.2.jar;C:\Users\SEHER\.m2\repository\org\checkerframework\checker-qual\2.8.1\checker-qual-2.8.1.jar;C:\Users\SEHER\.m2\repository\com\google\errorprone\error_prone_annotations\2.3.2\error_prone_annotations-2.3.2.jar;C:\Users\SEHER\.m2\repository\com\google\j2objc\j2objc-annotations\1.3\j2objc-annotations-1.3.jar;C:\Users\SEHER\.m2\repository\org\codehaus\mojo\animal-sniffer-annotations\1.18\animal-sniffer-annotations-1.18.jar;C:\Users\SEHER\.m2\repository\io\grpc\grpc-netty-shaded\1.25.0\grpc-netty-shaded-1.25.0.jar;C:\Users\SEHER\.m2\repository\io\grpc\grpc-core\1.25.0\grpc-core-1.25.0.jar;C:\Users\SEHER\.m2\repository\io\grpc\grpc-api\1.25.0\grpc-api-1.25.0.jar;C:\Users\SEHER\.m2\repository\io\grpc\grpc-context\1.25.0\grpc-context-1.25.0.jar;C:\Users\SEHER\.m2\repository\com\google\android\annotations\4.1.1.4\annotations-4.1.1.4.jar;C:\Users\SEHER\.m2\repository\io\perfmark\perfmark-api\0.19.0\perfmark-api-0.19.0.jar;C:\Users\SEHER\.m2\repository\io\opencensus\opencensus-api\0.21.0\opencensus-api-0.21.0.jar;C:\Users\SEHER\.m2\repository\io\opencensus\opencensus-contrib-grpc-metrics\0.21.0\opencensus-contrib-grpc-metrics-0.21.0.jar;C:\Users\SEHER\.m2\repository\io\grpc\grpc-protobuf\1.24.1\grpc-protobuf-1.24.1.jar;C:\Users\SEHER\.m2\repository\com\google\api\grpc\proto-google-common-protos\1.12.0\proto-google-common-protos-1.12.0.jar;C:\Users\SEHER\.m2\repository\io\grpc\grpc-protobuf-lite\1.24.1\grpc-protobuf-lite-1.24.1.jar;C:\Users\SEHER\.m2\repository\io\grpc\grpc-stub\1.24.1\grpc-stub-1.24.1.jar;C:\Users\SEHER\.m2\repository\javax\annotation\javax.annotation-api\1.3.2\javax.annotation-api-1.3.2.jar;C:\Users\SEHER\.m2\repository\io\appium\java-client\7.3.0\java-client-7.3.0.jar;C:\Users\SEHER\.m2\repository\org\seleniumhq\selenium\selenium-java\3.141.59\selenium-java-3.141.59.jar;C:\Users\SEHER\.m2\repository\org\seleniumhq\selenium\selenium-chrome-driver\3.141.59\selenium-chrome-driver-3.141.59.jar;C:\Users\SEHER\.m2\repository\org\seleniumhq\selenium\selenium-edge-driver\3.141.59\selenium-edge-driver-3.141.59.jar;C:\Users\SEHER\.m2\repository\org\seleniumhq\selenium\selenium-firefox-driver\3.141.59\selenium-firefox-driver-3.141.59.jar;C:\Users\SEHER\.m2\repository\org\seleniumhq\selenium\selenium-ie-driver\3.141.59\selenium-ie-driver-3.141.59.jar;C:\Users\SEHER\.m2\repository\org\seleniumhq\selenium\selenium-opera-driver\3.141.59\selenium-opera-driver-3.141.59.jar;C:\Users\SEHER\.m2\repository\org\seleniumhq\selenium\selenium-safari-driver\3.141.59\selenium-safari-driver-3.141.59.jar;C:\Users\SEHER\.m2\repository\org\seleniumhq\selenium\selenium-api\3.141.59\selenium-api-3.141.59.jar;C:\Users\SEHER\.m2\repository\com\google\code\gson\gson\2.8.5\gson-2.8.5.jar;C:\Users\SEHER\.m2\repository\org\apache\httpcomponents\httpclient\4.5.9\httpclient-4.5.9.jar;C:\Users\SEHER\.m2\repository\org\apache\httpcomponents\httpcore\4.4.11\httpcore-4.4.11.jar;C:\Users\SEHER\.m2\repository\commons-logging\commons-logging\1.2\commons-logging-1.2.jar;C:\Users\SEHER\.m2\repository\commons-codec\commons-codec\1.11\commons-codec-1.11.jar;C:\Users\SEHER\.m2\repository\cglib\cglib\3.2.12\cglib-3.2.12.jar;C:\Users\SEHER\.m2\repository\org\ow2\asm\asm\7.1\asm-7.1.jar;C:\Users\SEHER\.m2\repository\commons-validator\commons-validator\1.6\commons-validator-1.6.jar;C:\Users\SEHER\.m2\repository\commons-beanutils\commons-beanutils\1.9.2\commons-beanutils-1.9.2.jar;C:\Users\SEHER\.m2\repository\commons-digester\commons-digester\1.8.1\commons-digester-1.8.1.jar;C:\Users\SEHER\.m2\repository\commons-collections\commons-collections\3.2.2\commons-collections-3.2.2.jar;C:\Users\SEHER\.m2\repository\org\apache\commons\commons-lang3\3.9\commons-lang3-3.9.jar;C:\Users\SEHER\.m2\repository\org\springframework\spring-context\5.1.8.RELEASE\spring-context-5.1.8.RELEASE.jar;C:\Users\SEHER\.m2\repository\org\springframework\spring-aop\5.1.8.RELEASE\spring-aop-5.1.8.RELEASE.jar;C:\Users\SEHER\.m2\repository\org\springframework\spring-beans\5.1.8.RELEASE\spring-beans-5.1.8.RELEASE.jar;C:\Users\SEHER\.m2\repository\org\springframework\spring-core\5.1.8.RELEASE\spring-core-5.1.8.RELEASE.jar;C:\Users\SEHER\.m2\repository\org\springframework\spring-jcl\5.1.8.RELEASE\spring-jcl-5.1.8.RELEASE.jar;C:\Users\SEHER\.m2\repository\org\springframework\spring-expression\5.1.8.RELEASE\spring-expression-5.1.8.RELEASE.jar;C:\Users\SEHER\.m2\repository\org\aspectj\aspectjweaver\1.9.4\aspectjweaver-1.9.4.jar;C:\Users\SEHER\.m2\repository\org\slf4j\slf4j-api\1.7.30\slf4j-api-1.7.30.jar;C:\Users\SEHER\.m2\repository\org\slf4j\slf4j-log4j12\1.7.30\slf4j-log4j12-1.7.30.jar;C:\Users\SEHER\.m2\repository\log4j\log4j\1.2.17\log4j-1.2.17.jar;C:\Users\SEHER\.m2\repository\org\seleniumhq\selenium\selenium-support\3.141.59\selenium-support-3.141.59.jar;C:\Users\SEHER\.m2\repository\org\seleniumhq\selenium\selenium-remote-driver\3.141.59\selenium-remote-driver-3.141.59.jar;C:\Users\SEHER\.m2\repository\net\bytebuddy\byte-buddy\1.8.15\byte-buddy-1.8.15.jar;C:\Users\SEHER\.m2\repository\org\apache\commons\commons-exec\1.3\commons-exec-1.3.jar;C:\Users\SEHER\.m2\repository\com\squareup\okhttp3\okhttp\3.11.0\okhttp-3.11.0.jar;C:\Users\SEHER\.m2\repository\com\squareup\okio\okio\1.14.0\okio-1.14.0.jar;C:\Users\SEHER\.m2\repository\org\javassist\javassist\3.21.0-GA\javassist-3.21.0-GA.jar;C:\Users\SEHER\.m2\repository\org\assertj\assertj-core\3.14.0\assertj-core-3.14.0.jar
14-06-2021 22:55:43.254 [Gauge] [DEBUG] Checking updates...
14-06-2021 22:55:43.258 [Gauge] [DEBUG] Downloading https://downloads.gauge.org/plugin/html-report?l=java&p=html-report,java,screenshot,spectacle,xml-report&o=windows&a=386
14-06-2021 22:55:43.723 [Gauge] [DEBUG] Downloading https://downloads.gauge.org/plugin/java?l=java&p=html-report,java,screenshot,spectacle,xml-report&o=windows&a=386
14-06-2021 22:55:43.875 [Gauge] [DEBUG] Downloading https://downloads.gauge.org/plugin/screenshot?l=java&p=html-report,java,screenshot,spectacle,xml-report&o=windows&a=386
14-06-2021 22:55:44.074 [Gauge] [DEBUG] Downloading https://downloads.gauge.org/plugin/spectacle?l=java&p=html-report,java,screenshot,spectacle,xml-report&o=windows&a=386
14-06-2021 22:55:44.277 [Gauge] [DEBUG] Downloading https://downloads.gauge.org/plugin/xml-report?l=java&p=html-report,java,screenshot,spectacle,xml-report&o=windows&a=386
14-06-2021 22:55:44.342 [java] [DEBUG] Connecting to port: 52998
14-06-2021 22:55:44.370 [java] [DEBUG] Connected to 127.0.0.1:52998
14-06-2021 22:55:44.370 [Gauge] [DEBUG] Established connection to runner.
14-06-2021 22:55:44.370 [Gauge] [DEBUG] Validation started.
14-06-2021 22:55:55.008 [java] [DEBUG] Scanning packages for steps
14-06-2021 22:55:55.211 [java] [DEBUG] Scanning packages for hooks
14-06-2021 22:56:01.689 [Gauge] [DEBUG] Validation completed.
14-06-2021 22:56:01.692 [Gauge] [DEBUG] Run started
14-06-2021 22:56:01.695 [Gauge] [DEBUG] Starting Html Report plugin
14-06-2021 22:56:01.832 [Gauge] [DEBUG] Attempting to connect to grpc server at port: 53008
14-06-2021 22:56:01.845 [Gauge] [DEBUG] Successfully made the connection with plugin with port: 53008
14-06-2021 22:56:01.845 [Gauge] [DEBUG] Initialising suite data store.
14-06-2021 22:56:27.864 [html-report] [DEBUG] Transformed SuiteResult to report structure
14-06-2021 22:56:28.092 [html-report] [INFO] Successfully generated html-report to => C:\Users\SEHER\IdeaProjects\EducationMobile\reports\html-report\index.html
14-06-2021 22:56:28.092 [html-report] [DEBUG] Done generating HTML report using theme from C:\Users\SEHER\AppData\Roaming\gauge\plugins\html-report\4.0.9\themes\default
14-06-2021 22:56:28.091 [Gauge] [DEBUG] Sending kill message to Html Report plugin.
14-06-2021 22:56:28.094 [Gauge] [DEBUG] Sending kill message to runner.
14-06-2021 22:56:28.097 [java] [DEBUG] Kill process request recieved
14-06-2021 22:56:28.195 [Gauge] [DEBUG] Runner with PID:20076 has exited
14-06-2021 22:56:28.195 [Gauge] [INFO] Specifications:	1 executed	1 passed	0 failed	0 skipped
14-06-2021 22:56:28.195 [Gauge] [INFO] Scenarios:	1 executed	1 passed	0 failed	0 skipped
14-06-2021 22:56:28.196 [Gauge] [INFO] 
Total time taken: 26.158s
14-06-2021 22:56:28.197 [Gauge] [INFO] Updates are available. Run `gauge update -c` for more info.
14-06-2021 23:10:16.666 [Gauge] [DEBUG] Created gauge_screenshots_dir at C:\Users\SEHER\IdeaProjects\EducationMobile\.gauge\screenshots
14-06-2021 23:10:16.669 [Gauge] [DEBUG] Plugin java is already installed.
14-06-2021 23:10:16.670 [Gauge] [DEBUG] Plugin html-report is already installed.
14-06-2021 23:10:16.671 [Gauge] [DEBUG] Parsing started.
14-06-2021 23:10:16.671 [Gauge] [DEBUG] Started concepts parsing.
14-06-2021 23:10:16.676 [Gauge] [DEBUG] 0 concepts parsing completed.
14-06-2021 23:10:16.676 [Gauge] [DEBUG] Started specifications parsing.
14-06-2021 23:10:16.678 [Gauge] [DEBUG] 1 specifications parsing completed.
14-06-2021 23:10:16.678 [Gauge] [DEBUG] Parsing completed.
14-06-2021 23:10:16.681 [Gauge] [DEBUG] Staring java runner
14-06-2021 23:10:16.735 [java] [DEBUG] classpath set to C:\Program Files (x86)\Java\jdk1.8.0_271\jre\lib\charsets.jar;C:\Program Files (x86)\Java\jdk1.8.0_271\jre\lib\deploy.jar;C:\Program Files (x86)\Java\jdk1.8.0_271\jre\lib\ext\access-bridge-32.jar;C:\Program Files (x86)\Java\jdk1.8.0_271\jre\lib\ext\cldrdata.jar;C:\Program Files (x86)\Java\jdk1.8.0_271\jre\lib\ext\dnsns.jar;C:\Program Files (x86)\Java\jdk1.8.0_271\jre\lib\ext\jaccess.jar;C:\Program Files (x86)\Java\jdk1.8.0_271\jre\lib\ext\jfxrt.jar;C:\Program Files (x86)\Java\jdk1.8.0_271\jre\lib\ext\localedata.jar;C:\Program Files (x86)\Java\jdk1.8.0_271\jre\lib\ext\nashorn.jar;C:\Program Files (x86)\Java\jdk1.8.0_271\jre\lib\ext\sunec.jar;C:\Program Files (x86)\Java\jdk1.8.0_271\jre\lib\ext\sunjce_provider.jar;C:\Program Files (x86)\Java\jdk1.8.0_271\jre\lib\ext\sunmscapi.jar;C:\Program Files (x86)\Java\jdk1.8.0_271\jre\lib\ext\sunpkcs11.jar;C:\Program Files (x86)\Java\jdk1.8.0_271\jre\lib\ext\zipfs.jar;C:\Program Files (x86)\Java\jdk1.8.0_271\jre\lib\javaws.jar;C:\Program Files (x86)\Java\jdk1.8.0_271\jre\lib\jce.jar;C:\Program Files (x86)\Java\jdk1.8.0_271\jre\lib\jfr.jar;C:\Program Files (x86)\Java\jdk1.8.0_271\jre\lib\jfxswt.jar;C:\Program Files (x86)\Java\jdk1.8.0_271\jre\lib\jsse.jar;C:\Program Files (x86)\Java\jdk1.8.0_271\jre\lib\management-agent.jar;C:\Program Files (x86)\Java\jdk1.8.0_271\jre\lib\plugin.jar;C:\Program Files (x86)\Java\jdk1.8.0_271\jre\lib\resources.jar;C:\Program Files (x86)\Java\jdk1.8.0_271\jre\lib\rt.jar;C:\Users\SEHER\IdeaProjects\EducationMobile\target\test-classes;C:\Users\SEHER\.m2\repository\junit\junit\4.12\junit-4.12.jar;C:\Users\SEHER\.m2\repository\org\hamcrest\hamcrest-core\1.3\hamcrest-core-1.3.jar;C:\Users\SEHER\.m2\repository\com\thoughtworks\gauge\gauge-java\0.7.3\gauge-java-0.7.3.jar;C:\Users\SEHER\.m2\repository\org\reflections\reflections\0.9.11\reflections-0.9.11.jar;C:\Users\SEHER\.m2\repository\com\github\javaparser\javaparser-core\2.5.1\javaparser-core-2.5.1.jar;C:\Users\SEHER\.m2\repository\commons-io\commons-io\2.6\commons-io-2.6.jar;C:\Users\SEHER\.m2\repository\commons-lang\commons-lang\2.6\commons-lang-2.6.jar;C:\Users\SEHER\.m2\repository\org\json\json\20190722\json-20190722.jar;C:\Users\SEHER\.m2\repository\com\google\protobuf\protobuf-java\3.10.0\protobuf-java-3.10.0.jar;C:\Users\SEHER\.m2\repository\com\google\guava\guava\28.1-jre\guava-28.1-jre.jar;C:\Users\SEHER\.m2\repository\com\google\guava\failureaccess\1.0.1\failureaccess-1.0.1.jar;C:\Users\SEHER\.m2\repository\com\google\guava\listenablefuture\9999.0-empty-to-avoid-conflict-with-guava\listenablefuture-9999.0-empty-to-avoid-conflict-with-guava.jar;C:\Users\SEHER\.m2\repository\com\google\code\findbugs\jsr305\3.0.2\jsr305-3.0.2.jar;C:\Users\SEHER\.m2\repository\org\checkerframework\checker-qual\2.8.1\checker-qual-2.8.1.jar;C:\Users\SEHER\.m2\repository\com\google\errorprone\error_prone_annotations\2.3.2\error_prone_annotations-2.3.2.jar;C:\Users\SEHER\.m2\repository\com\google\j2objc\j2objc-annotations\1.3\j2objc-annotations-1.3.jar;C:\Users\SEHER\.m2\repository\org\codehaus\mojo\animal-sniffer-annotations\1.18\animal-sniffer-annotations-1.18.jar;C:\Users\SEHER\.m2\repository\io\grpc\grpc-netty-shaded\1.25.0\grpc-netty-shaded-1.25.0.jar;C:\Users\SEHER\.m2\repository\io\grpc\grpc-core\1.25.0\grpc-core-1.25.0.jar;C:\Users\SEHER\.m2\repository\io\grpc\grpc-api\1.25.0\grpc-api-1.25.0.jar;C:\Users\SEHER\.m2\repository\io\grpc\grpc-context\1.25.0\grpc-context-1.25.0.jar;C:\Users\SEHER\.m2\repository\com\google\android\annotations\4.1.1.4\annotations-4.1.1.4.jar;C:\Users\SEHER\.m2\repository\io\perfmark\perfmark-api\0.19.0\perfmark-api-0.19.0.jar;C:\Users\SEHER\.m2\repository\io\opencensus\opencensus-api\0.21.0\opencensus-api-0.21.0.jar;C:\Users\SEHER\.m2\repository\io\opencensus\opencensus-contrib-grpc-metrics\0.21.0\opencensus-contrib-grpc-metrics-0.21.0.jar;C:\Users\SEHER\.m2\repository\io\grpc\grpc-protobuf\1.24.1\grpc-protobuf-1.24.1.jar;C:\Users\SEHER\.m2\repository\com\google\api\grpc\proto-google-common-protos\1.12.0\proto-google-common-protos-1.12.0.jar;C:\Users\SEHER\.m2\repository\io\grpc\grpc-protobuf-lite\1.24.1\grpc-protobuf-lite-1.24.1.jar;C:\Users\SEHER\.m2\repository\io\grpc\grpc-stub\1.24.1\grpc-stub-1.24.1.jar;C:\Users\SEHER\.m2\repository\javax\annotation\javax.annotation-api\1.3.2\javax.annotation-api-1.3.2.jar;C:\Users\SEHER\.m2\repository\io\appium\java-client\7.3.0\java-client-7.3.0.jar;C:\Users\SEHER\.m2\repository\org\seleniumhq\selenium\selenium-java\3.141.59\selenium-java-3.141.59.jar;C:\Users\SEHER\.m2\repository\org\seleniumhq\selenium\selenium-chrome-driver\3.141.59\selenium-chrome-driver-3.141.59.jar;C:\Users\SEHER\.m2\repository\org\seleniumhq\selenium\selenium-edge-driver\3.141.59\selenium-edge-driver-3.141.59.jar;C:\Users\SEHER\.m2\repository\org\seleniumhq\selenium\selenium-firefox-driver\3.141.59\selenium-firefox-driver-3.141.59.jar;C:\Users\SEHER\.m2\repository\org\seleniumhq\selenium\selenium-ie-driver\3.141.59\selenium-ie-driver-3.141.59.jar;C:\Users\SEHER\.m2\repository\org\seleniumhq\selenium\selenium-opera-driver\3.141.59\selenium-opera-driver-3.141.59.jar;C:\Users\SEHER\.m2\repository\org\seleniumhq\selenium\selenium-safari-driver\3.141.59\selenium-safari-driver-3.141.59.jar;C:\Users\SEHER\.m2\repository\org\seleniumhq\selenium\selenium-api\3.141.59\selenium-api-3.141.59.jar;C:\Users\SEHER\.m2\repository\com\google\code\gson\gson\2.8.5\gson-2.8.5.jar;C:\Users\SEHER\.m2\repository\org\apache\httpcomponents\httpclient\4.5.9\httpclient-4.5.9.jar;C:\Users\SEHER\.m2\repository\org\apache\httpcomponents\httpcore\4.4.11\httpcore-4.4.11.jar;C:\Users\SEHER\.m2\repository\commons-logging\commons-logging\1.2\commons-logging-1.2.jar;C:\Users\SEHER\.m2\repository\commons-codec\commons-codec\1.11\commons-codec-1.11.jar;C:\Users\SEHER\.m2\repository\cglib\cglib\3.2.12\cglib-3.2.12.jar;C:\Users\SEHER\.m2\repository\org\ow2\asm\asm\7.1\asm-7.1.jar;C:\Users\SEHER\.m2\repository\commons-validator\commons-validator\1.6\commons-validator-1.6.jar;C:\Users\SEHER\.m2\repository\commons-beanutils\commons-beanutils\1.9.2\commons-beanutils-1.9.2.jar;C:\Users\SEHER\.m2\repository\commons-digester\commons-digester\1.8.1\commons-digester-1.8.1.jar;C:\Users\SEHER\.m2\repository\commons-collections\commons-collections\3.2.2\commons-collections-3.2.2.jar;C:\Users\SEHER\.m2\repository\org\apache\commons\commons-lang3\3.9\commons-lang3-3.9.jar;C:\Users\SEHER\.m2\repository\org\springframework\spring-context\5.1.8.RELEASE\spring-context-5.1.8.RELEASE.jar;C:\Users\SEHER\.m2\repository\org\springframework\spring-aop\5.1.8.RELEASE\spring-aop-5.1.8.RELEASE.jar;C:\Users\SEHER\.m2\repository\org\springframework\spring-beans\5.1.8.RELEASE\spring-beans-5.1.8.RELEASE.jar;C:\Users\SEHER\.m2\repository\org\springframework\spring-core\5.1.8.RELEASE\spring-core-5.1.8.RELEASE.jar;C:\Users\SEHER\.m2\repository\org\springframework\spring-jcl\5.1.8.RELEASE\spring-jcl-5.1.8.RELEASE.jar;C:\Users\SEHER\.m2\repository\org\springframework\spring-expression\5.1.8.RELEASE\spring-expression-5.1.8.RELEASE.jar;C:\Users\SEHER\.m2\repository\org\aspectj\aspectjweaver\1.9.4\aspectjweaver-1.9.4.jar;C:\Users\SEHER\.m2\repository\org\slf4j\slf4j-api\1.7.30\slf4j-api-1.7.30.jar;C:\Users\SEHER\.m2\repository\org\slf4j\slf4j-log4j12\1.7.30\slf4j-log4j12-1.7.30.jar;C:\Users\SEHER\.m2\repository\log4j\log4j\1.2.17\log4j-1.2.17.jar;C:\Users\SEHER\.m2\repository\org\seleniumhq\selenium\selenium-support\3.141.59\selenium-support-3.141.59.jar;C:\Users\SEHER\.m2\repository\org\seleniumhq\selenium\selenium-remote-driver\3.141.59\selenium-remote-driver-3.141.59.jar;C:\Users\SEHER\.m2\repository\net\bytebuddy\byte-buddy\1.8.15\byte-buddy-1.8.15.jar;C:\Users\SEHER\.m2\repository\org\apache\commons\commons-exec\1.3\commons-exec-1.3.jar;C:\Users\SEHER\.m2\repository\com\squareup\okhttp3\okhttp\3.11.0\okhttp-3.11.0.jar;C:\Users\SEHER\.m2\repository\com\squareup\okio\okio\1.14.0\okio-1.14.0.jar;C:\Users\SEHER\.m2\repository\org\javassist\javassist\3.21.0-GA\javassist-3.21.0-GA.jar;C:\Users\SEHER\.m2\repository\org\assertj\assertj-core\3.14.0\assertj-core-3.14.0.jar
14-06-2021 23:10:17.129 [Gauge] [DEBUG] Checking updates...
14-06-2021 23:10:17.132 [Gauge] [DEBUG] Downloading https://downloads.gauge.org/plugin/html-report?l=java&p=html-report,java,screenshot,spectacle,xml-report&o=windows&a=386
14-06-2021 23:10:17.219 [java] [DEBUG] Connecting to port: 53654
14-06-2021 23:10:17.230 [Gauge] [DEBUG] Established connection to runner.
14-06-2021 23:10:17.230 [Gauge] [DEBUG] Validation started.
14-06-2021 23:10:17.230 [java] [DEBUG] Connected to 127.0.0.1:53654
14-06-2021 23:10:17.746 [Gauge] [DEBUG] Downloading https://downloads.gauge.org/plugin/java?l=java&p=html-report,java,screenshot,spectacle,xml-report&o=windows&a=386
14-06-2021 23:10:17.940 [Gauge] [DEBUG] Downloading https://downloads.gauge.org/plugin/screenshot?l=java&p=html-report,java,screenshot,spectacle,xml-report&o=windows&a=386
14-06-2021 23:10:18.164 [Gauge] [DEBUG] Downloading https://downloads.gauge.org/plugin/spectacle?l=java&p=html-report,java,screenshot,spectacle,xml-report&o=windows&a=386
14-06-2021 23:10:18.463 [Gauge] [DEBUG] Downloading https://downloads.gauge.org/plugin/xml-report?l=java&p=html-report,java,screenshot,spectacle,xml-report&o=windows&a=386
14-06-2021 23:10:22.664 [java] [DEBUG] Scanning packages for steps
14-06-2021 23:10:22.749 [java] [DEBUG] Scanning packages for hooks
14-06-2021 23:10:26.263 [Gauge] [DEBUG] Validation completed.
14-06-2021 23:10:26.263 [Gauge] [DEBUG] Run started
14-06-2021 23:10:26.264 [Gauge] [DEBUG] Starting Html Report plugin
14-06-2021 23:10:26.296 [Gauge] [DEBUG] Attempting to connect to grpc server at port: 53664
14-06-2021 23:10:26.297 [Gauge] [DEBUG] Successfully made the connection with plugin with port: 53664
14-06-2021 23:10:26.297 [Gauge] [DEBUG] Initialising suite data store.
14-06-2021 23:10:46.972 [html-report] [DEBUG] Transformed SuiteResult to report structure
14-06-2021 23:10:47.023 [Gauge] [DEBUG] Sending kill message to Html Report plugin.
14-06-2021 23:10:47.023 [html-report] [INFO] Successfully generated html-report to => C:\Users\SEHER\IdeaProjects\EducationMobile\reports\html-report\index.html
14-06-2021 23:10:47.023 [html-report] [DEBUG] Done generating HTML report using theme from C:\Users\SEHER\AppData\Roaming\gauge\plugins\html-report\4.0.9\themes\default
14-06-2021 23:10:47.023 [Gauge] [DEBUG] Sending kill message to runner.
14-06-2021 23:10:47.026 [java] [DEBUG] Kill process request recieved
14-06-2021 23:10:47.333 [Gauge] [DEBUG] Runner with PID:2364 has exited
14-06-2021 23:10:47.333 [Gauge] [INFO] Specifications:	1 executed	0 passed	1 failed	0 skipped
14-06-2021 23:10:47.334 [Gauge] [INFO] Scenarios:	1 executed	0 passed	1 failed	0 skipped
14-06-2021 23:10:47.334 [Gauge] [INFO] 
Total time taken: 20.696s
14-06-2021 23:10:47.339 [Gauge] [INFO] Updates are available. Run `gauge update -c` for more info.
14-06-2021 23:12:01.583 [Gauge] [DEBUG] Created gauge_screenshots_dir at C:\Users\SEHER\IdeaProjects\EducationMobile\.gauge\screenshots
14-06-2021 23:12:01.585 [Gauge] [DEBUG] Plugin java is already installed.
14-06-2021 23:12:01.586 [Gauge] [DEBUG] Plugin html-report is already installed.
14-06-2021 23:12:01.587 [Gauge] [DEBUG] Parsing started.
14-06-2021 23:12:01.587 [Gauge] [DEBUG] Started concepts parsing.
14-06-2021 23:12:01.593 [Gauge] [DEBUG] 0 concepts parsing completed.
14-06-2021 23:12:01.593 [Gauge] [DEBUG] Started specifications parsing.
14-06-2021 23:12:01.594 [Gauge] [DEBUG] 1 specifications parsing completed.
14-06-2021 23:12:01.594 [Gauge] [DEBUG] Parsing completed.
14-06-2021 23:12:01.597 [Gauge] [DEBUG] Staring java runner
14-06-2021 23:12:01.731 [java] [DEBUG] classpath set to C:\Program Files (x86)\Java\jdk1.8.0_271\jre\lib\charsets.jar;C:\Program Files (x86)\Java\jdk1.8.0_271\jre\lib\deploy.jar;C:\Program Files (x86)\Java\jdk1.8.0_271\jre\lib\ext\access-bridge-32.jar;C:\Program Files (x86)\Java\jdk1.8.0_271\jre\lib\ext\cldrdata.jar;C:\Program Files (x86)\Java\jdk1.8.0_271\jre\lib\ext\dnsns.jar;C:\Program Files (x86)\Java\jdk1.8.0_271\jre\lib\ext\jaccess.jar;C:\Program Files (x86)\Java\jdk1.8.0_271\jre\lib\ext\jfxrt.jar;C:\Program Files (x86)\Java\jdk1.8.0_271\jre\lib\ext\localedata.jar;C:\Program Files (x86)\Java\jdk1.8.0_271\jre\lib\ext\nashorn.jar;C:\Program Files (x86)\Java\jdk1.8.0_271\jre\lib\ext\sunec.jar;C:\Program Files (x86)\Java\jdk1.8.0_271\jre\lib\ext\sunjce_provider.jar;C:\Program Files (x86)\Java\jdk1.8.0_271\jre\lib\ext\sunmscapi.jar;C:\Program Files (x86)\Java\jdk1.8.0_271\jre\lib\ext\sunpkcs11.jar;C:\Program Files (x86)\Java\jdk1.8.0_271\jre\lib\ext\zipfs.jar;C:\Program Files (x86)\Java\jdk1.8.0_271\jre\lib\javaws.jar;C:\Program Files (x86)\Java\jdk1.8.0_271\jre\lib\jce.jar;C:\Program Files (x86)\Java\jdk1.8.0_271\jre\lib\jfr.jar;C:\Program Files (x86)\Java\jdk1.8.0_271\jre\lib\jfxswt.jar;C:\Program Files (x86)\Java\jdk1.8.0_271\jre\lib\jsse.jar;C:\Program Files (x86)\Java\jdk1.8.0_271\jre\lib\management-agent.jar;C:\Program Files (x86)\Java\jdk1.8.0_271\jre\lib\plugin.jar;C:\Program Files (x86)\Java\jdk1.8.0_271\jre\lib\resources.jar;C:\Program Files (x86)\Java\jdk1.8.0_271\jre\lib\rt.jar;C:\Users\SEHER\IdeaProjects\EducationMobile\target\test-classes;C:\Users\SEHER\.m2\repository\junit\junit\4.12\junit-4.12.jar;C:\Users\SEHER\.m2\repository\org\hamcrest\hamcrest-core\1.3\hamcrest-core-1.3.jar;C:\Users\SEHER\.m2\repository\com\thoughtworks\gauge\gauge-java\0.7.3\gauge-java-0.7.3.jar;C:\Users\SEHER\.m2\repository\org\reflections\reflections\0.9.11\reflections-0.9.11.jar;C:\Users\SEHER\.m2\repository\com\github\javaparser\javaparser-core\2.5.1\javaparser-core-2.5.1.jar;C:\Users\SEHER\.m2\repository\commons-io\commons-io\2.6\commons-io-2.6.jar;C:\Users\SEHER\.m2\repository\commons-lang\commons-lang\2.6\commons-lang-2.6.jar;C:\Users\SEHER\.m2\repository\org\json\json\20190722\json-20190722.jar;C:\Users\SEHER\.m2\repository\com\google\protobuf\protobuf-java\3.10.0\protobuf-java-3.10.0.jar;C:\Users\SEHER\.m2\repository\com\google\guava\guava\28.1-jre\guava-28.1-jre.jar;C:\Users\SEHER\.m2\repository\com\google\guava\failureaccess\1.0.1\failureaccess-1.0.1.jar;C:\Users\SEHER\.m2\repository\com\google\guava\listenablefuture\9999.0-empty-to-avoid-conflict-with-guava\listenablefuture-9999.0-empty-to-avoid-conflict-with-guava.jar;C:\Users\SEHER\.m2\repository\com\google\code\findbugs\jsr305\3.0.2\jsr305-3.0.2.jar;C:\Users\SEHER\.m2\repository\org\checkerframework\checker-qual\2.8.1\checker-qual-2.8.1.jar;C:\Users\SEHER\.m2\repository\com\google\errorprone\error_prone_annotations\2.3.2\error_prone_annotations-2.3.2.jar;C:\Users\SEHER\.m2\repository\com\google\j2objc\j2objc-annotations\1.3\j2objc-annotations-1.3.jar;C:\Users\SEHER\.m2\repository\org\codehaus\mojo\animal-sniffer-annotations\1.18\animal-sniffer-annotations-1.18.jar;C:\Users\SEHER\.m2\repository\io\grpc\grpc-netty-shaded\1.25.0\grpc-netty-shaded-1.25.0.jar;C:\Users\SEHER\.m2\repository\io\grpc\grpc-core\1.25.0\grpc-core-1.25.0.jar;C:\Users\SEHER\.m2\repository\io\grpc\grpc-api\1.25.0\grpc-api-1.25.0.jar;C:\Users\SEHER\.m2\repository\io\grpc\grpc-context\1.25.0\grpc-context-1.25.0.jar;C:\Users\SEHER\.m2\repository\com\google\android\annotations\4.1.1.4\annotations-4.1.1.4.jar;C:\Users\SEHER\.m2\repository\io\perfmark\perfmark-api\0.19.0\perfmark-api-0.19.0.jar;C:\Users\SEHER\.m2\repository\io\opencensus\opencensus-api\0.21.0\opencensus-api-0.21.0.jar;C:\Users\SEHER\.m2\repository\io\opencensus\opencensus-contrib-grpc-metrics\0.21.0\opencensus-contrib-grpc-metrics-0.21.0.jar;C:\Users\SEHER\.m2\repository\io\grpc\grpc-protobuf\1.24.1\grpc-protobuf-1.24.1.jar;C:\Users\SEHER\.m2\repository\com\google\api\grpc\proto-google-common-protos\1.12.0\proto-google-common-protos-1.12.0.jar;C:\Users\SEHER\.m2\repository\io\grpc\grpc-protobuf-lite\1.24.1\grpc-protobuf-lite-1.24.1.jar;C:\Users\SEHER\.m2\repository\io\grpc\grpc-stub\1.24.1\grpc-stub-1.24.1.jar;C:\Users\SEHER\.m2\repository\javax\annotation\javax.annotation-api\1.3.2\javax.annotation-api-1.3.2.jar;C:\Users\SEHER\.m2\repository\io\appium\java-client\7.3.0\java-client-7.3.0.jar;C:\Users\SEHER\.m2\repository\org\seleniumhq\selenium\selenium-java\3.141.59\selenium-java-3.141.59.jar;C:\Users\SEHER\.m2\repository\org\seleniumhq\selenium\selenium-chrome-driver\3.141.59\selenium-chrome-driver-3.141.59.jar;C:\Users\SEHER\.m2\repository\org\seleniumhq\selenium\selenium-edge-driver\3.141.59\selenium-edge-driver-3.141.59.jar;C:\Users\SEHER\.m2\repository\org\seleniumhq\selenium\selenium-firefox-driver\3.141.59\selenium-firefox-driver-3.141.59.jar;C:\Users\SEHER\.m2\repository\org\seleniumhq\selenium\selenium-ie-driver\3.141.59\selenium-ie-driver-3.141.59.jar;C:\Users\SEHER\.m2\repository\org\seleniumhq\selenium\selenium-opera-driver\3.141.59\selenium-opera-driver-3.141.59.jar;C:\Users\SEHER\.m2\repository\org\seleniumhq\selenium\selenium-safari-driver\3.141.59\selenium-safari-driver-3.141.59.jar;C:\Users\SEHER\.m2\repository\org\seleniumhq\selenium\selenium-api\3.141.59\selenium-api-3.141.59.jar;C:\Users\SEHER\.m2\repository\com\google\code\gson\gson\2.8.5\gson-2.8.5.jar;C:\Users\SEHER\.m2\repository\org\apache\httpcomponents\httpclient\4.5.9\httpclient-4.5.9.jar;C:\Users\SEHER\.m2\repository\org\apache\httpcomponents\httpcore\4.4.11\httpcore-4.4.11.jar;C:\Users\SEHER\.m2\repository\commons-logging\commons-logging\1.2\commons-logging-1.2.jar;C:\Users\SEHER\.m2\repository\commons-codec\commons-codec\1.11\commons-codec-1.11.jar;C:\Users\SEHER\.m2\repository\cglib\cglib\3.2.12\cglib-3.2.12.jar;C:\Users\SEHER\.m2\repository\org\ow2\asm\asm\7.1\asm-7.1.jar;C:\Users\SEHER\.m2\repository\commons-validator\commons-validator\1.6\commons-validator-1.6.jar;C:\Users\SEHER\.m2\repository\commons-beanutils\commons-beanutils\1.9.2\commons-beanutils-1.9.2.jar;C:\Users\SEHER\.m2\repository\commons-digester\commons-digester\1.8.1\commons-digester-1.8.1.jar;C:\Users\SEHER\.m2\repository\commons-collections\commons-collections\3.2.2\commons-collections-3.2.2.jar;C:\Users\SEHER\.m2\repository\org\apache\commons\commons-lang3\3.9\commons-lang3-3.9.jar;C:\Users\SEHER\.m2\repository\org\springframework\spring-context\5.1.8.RELEASE\spring-context-5.1.8.RELEASE.jar;C:\Users\SEHER\.m2\repository\org\springframework\spring-aop\5.1.8.RELEASE\spring-aop-5.1.8.RELEASE.jar;C:\Users\SEHER\.m2\repository\org\springframework\spring-beans\5.1.8.RELEASE\spring-beans-5.1.8.RELEASE.jar;C:\Users\SEHER\.m2\repository\org\springframework\spring-core\5.1.8.RELEASE\spring-core-5.1.8.RELEASE.jar;C:\Users\SEHER\.m2\repository\org\springframework\spring-jcl\5.1.8.RELEASE\spring-jcl-5.1.8.RELEASE.jar;C:\Users\SEHER\.m2\repository\org\springframework\spring-expression\5.1.8.RELEASE\spring-expression-5.1.8.RELEASE.jar;C:\Users\SEHER\.m2\repository\org\aspectj\aspectjweaver\1.9.4\aspectjweaver-1.9.4.jar;C:\Users\SEHER\.m2\repository\org\slf4j\slf4j-api\1.7.30\slf4j-api-1.7.30.jar;C:\Users\SEHER\.m2\repository\org\slf4j\slf4j-log4j12\1.7.30\slf4j-log4j12-1.7.30.jar;C:\Users\SEHER\.m2\repository\log4j\log4j\1.2.17\log4j-1.2.17.jar;C:\Users\SEHER\.m2\repository\org\seleniumhq\selenium\selenium-support\3.141.59\selenium-support-3.141.59.jar;C:\Users\SEHER\.m2\repository\org\seleniumhq\selenium\selenium-remote-driver\3.141.59\selenium-remote-driver-3.141.59.jar;C:\Users\SEHER\.m2\repository\net\bytebuddy\byte-buddy\1.8.15\byte-buddy-1.8.15.jar;C:\Users\SEHER\.m2\repository\org\apache\commons\commons-exec\1.3\commons-exec-1.3.jar;C:\Users\SEHER\.m2\repository\com\squareup\okhttp3\okhttp\3.11.0\okhttp-3.11.0.jar;C:\Users\SEHER\.m2\repository\com\squareup\okio\okio\1.14.0\okio-1.14.0.jar;C:\Users\SEHER\.m2\repository\org\javassist\javassist\3.21.0-GA\javassist-3.21.0-GA.jar;C:\Users\SEHER\.m2\repository\org\assertj\assertj-core\3.14.0\assertj-core-3.14.0.jar
14-06-2021 23:12:02.087 [Gauge] [DEBUG] Checking updates...
14-06-2021 23:12:02.091 [Gauge] [DEBUG] Downloading https://downloads.gauge.org/plugin/html-report?l=java&p=html-report,java,screenshot,spectacle,xml-report&o=windows&a=386
14-06-2021 23:12:02.214 [java] [DEBUG] Connecting to port: 55129
14-06-2021 23:12:02.227 [Gauge] [DEBUG] Established connection to runner.
14-06-2021 23:12:02.227 [Gauge] [DEBUG] Validation started.
14-06-2021 23:12:02.227 [java] [DEBUG] Connected to 127.0.0.1:55129
14-06-2021 23:12:02.780 [Gauge] [DEBUG] Downloading https://downloads.gauge.org/plugin/java?l=java&p=html-report,java,screenshot,spectacle,xml-report&o=windows&a=386
14-06-2021 23:12:02.968 [Gauge] [DEBUG] Downloading https://downloads.gauge.org/plugin/screenshot?l=java&p=html-report,java,screenshot,spectacle,xml-report&o=windows&a=386
14-06-2021 23:12:03.289 [Gauge] [DEBUG] Downloading https://downloads.gauge.org/plugin/spectacle?l=java&p=html-report,java,screenshot,spectacle,xml-report&o=windows&a=386
14-06-2021 23:12:03.727 [Gauge] [DEBUG] Downloading https://downloads.gauge.org/plugin/xml-report?l=java&p=html-report,java,screenshot,spectacle,xml-report&o=windows&a=386
14-06-2021 23:12:11.155 [java] [DEBUG] Scanning packages for steps
14-06-2021 23:12:11.269 [java] [DEBUG] Scanning packages for hooks
14-06-2021 23:12:19.144 [Gauge] [DEBUG] Validation completed.
14-06-2021 23:12:19.145 [Gauge] [DEBUG] Run started
14-06-2021 23:12:19.148 [Gauge] [DEBUG] Starting Html Report plugin
14-06-2021 23:12:19.196 [Gauge] [DEBUG] Attempting to connect to grpc server at port: 55142
14-06-2021 23:12:19.198 [Gauge] [DEBUG] Successfully made the connection with plugin with port: 55142
14-06-2021 23:12:19.198 [Gauge] [DEBUG] Initialising suite data store.
14-06-2021 23:12:45.409 [html-report] [DEBUG] Transformed SuiteResult to report structure
14-06-2021 23:12:45.448 [html-report] [INFO] Successfully generated html-report to => C:\Users\SEHER\IdeaProjects\EducationMobile\reports\html-report\index.html
14-06-2021 23:12:45.448 [html-report] [DEBUG] Done generating HTML report using theme from C:\Users\SEHER\AppData\Roaming\gauge\plugins\html-report\4.0.9\themes\default
14-06-2021 23:12:45.448 [Gauge] [DEBUG] Sending kill message to Html Report plugin.
14-06-2021 23:12:45.449 [Gauge] [DEBUG] Sending kill message to runner.
14-06-2021 23:12:45.451 [java] [DEBUG] Kill process request recieved
14-06-2021 23:12:45.550 [Gauge] [DEBUG] Runner with PID:1968 has exited
14-06-2021 23:12:45.550 [Gauge] [INFO] Specifications:	1 executed	1 passed	0 failed	0 skipped
14-06-2021 23:12:45.550 [Gauge] [INFO] Scenarios:	1 executed	1 passed	0 failed	0 skipped
14-06-2021 23:12:45.550 [Gauge] [INFO] 
Total time taken: 26.263s
14-06-2021 23:12:45.551 [Gauge] [INFO] Updates are available. Run `gauge update -c` for more info.
14-06-2021 23:25:28.141 [Gauge] [DEBUG] Created gauge_screenshots_dir at C:\Users\SEHER\IdeaProjects\EducationMobile\.gauge\screenshots
14-06-2021 23:25:28.143 [Gauge] [DEBUG] Plugin java is already installed.
14-06-2021 23:25:28.144 [Gauge] [DEBUG] Plugin html-report is already installed.
14-06-2021 23:25:28.145 [Gauge] [DEBUG] Parsing started.
14-06-2021 23:25:28.145 [Gauge] [DEBUG] Started concepts parsing.
14-06-2021 23:25:28.150 [Gauge] [DEBUG] 2 concepts parsing completed.
14-06-2021 23:25:28.150 [Gauge] [DEBUG] Started specifications parsing.
14-06-2021 23:25:28.151 [Gauge] [DEBUG] 1 specifications parsing completed.
14-06-2021 23:25:28.151 [Gauge] [DEBUG] Parsing completed.
14-06-2021 23:25:28.153 [Gauge] [DEBUG] Staring java runner
14-06-2021 23:25:28.192 [java] [DEBUG] classpath set to C:\Program Files (x86)\Java\jdk1.8.0_271\jre\lib\charsets.jar;C:\Program Files (x86)\Java\jdk1.8.0_271\jre\lib\deploy.jar;C:\Program Files (x86)\Java\jdk1.8.0_271\jre\lib\ext\access-bridge-32.jar;C:\Program Files (x86)\Java\jdk1.8.0_271\jre\lib\ext\cldrdata.jar;C:\Program Files (x86)\Java\jdk1.8.0_271\jre\lib\ext\dnsns.jar;C:\Program Files (x86)\Java\jdk1.8.0_271\jre\lib\ext\jaccess.jar;C:\Program Files (x86)\Java\jdk1.8.0_271\jre\lib\ext\jfxrt.jar;C:\Program Files (x86)\Java\jdk1.8.0_271\jre\lib\ext\localedata.jar;C:\Program Files (x86)\Java\jdk1.8.0_271\jre\lib\ext\nashorn.jar;C:\Program Files (x86)\Java\jdk1.8.0_271\jre\lib\ext\sunec.jar;C:\Program Files (x86)\Java\jdk1.8.0_271\jre\lib\ext\sunjce_provider.jar;C:\Program Files (x86)\Java\jdk1.8.0_271\jre\lib\ext\sunmscapi.jar;C:\Program Files (x86)\Java\jdk1.8.0_271\jre\lib\ext\sunpkcs11.jar;C:\Program Files (x86)\Java\jdk1.8.0_271\jre\lib\ext\zipfs.jar;C:\Program Files (x86)\Java\jdk1.8.0_271\jre\lib\javaws.jar;C:\Program Files (x86)\Java\jdk1.8.0_271\jre\lib\jce.jar;C:\Program Files (x86)\Java\jdk1.8.0_271\jre\lib\jfr.jar;C:\Program Files (x86)\Java\jdk1.8.0_271\jre\lib\jfxswt.jar;C:\Program Files (x86)\Java\jdk1.8.0_271\jre\lib\jsse.jar;C:\Program Files (x86)\Java\jdk1.8.0_271\jre\lib\management-agent.jar;C:\Program Files (x86)\Java\jdk1.8.0_271\jre\lib\plugin.jar;C:\Program Files (x86)\Java\jdk1.8.0_271\jre\lib\resources.jar;C:\Program Files (x86)\Java\jdk1.8.0_271\jre\lib\rt.jar;C:\Users\SEHER\IdeaProjects\EducationMobile\target\test-classes;C:\Users\SEHER\.m2\repository\junit\junit\4.12\junit-4.12.jar;C:\Users\SEHER\.m2\repository\org\hamcrest\hamcrest-core\1.3\hamcrest-core-1.3.jar;C:\Users\SEHER\.m2\repository\com\thoughtworks\gauge\gauge-java\0.7.3\gauge-java-0.7.3.jar;C:\Users\SEHER\.m2\repository\org\reflections\reflections\0.9.11\reflections-0.9.11.jar;C:\Users\SEHER\.m2\repository\com\github\javaparser\javaparser-core\2.5.1\javaparser-core-2.5.1.jar;C:\Users\SEHER\.m2\repository\commons-io\commons-io\2.6\commons-io-2.6.jar;C:\Users\SEHER\.m2\repository\commons-lang\commons-lang\2.6\commons-lang-2.6.jar;C:\Users\SEHER\.m2\repository\org\json\json\20190722\json-20190722.jar;C:\Users\SEHER\.m2\repository\com\google\protobuf\protobuf-java\3.10.0\protobuf-java-3.10.0.jar;C:\Users\SEHER\.m2\repository\com\google\guava\guava\28.1-jre\guava-28.1-jre.jar;C:\Users\SEHER\.m2\repository\com\google\guava\failureaccess\1.0.1\failureaccess-1.0.1.jar;C:\Users\SEHER\.m2\repository\com\google\guava\listenablefuture\9999.0-empty-to-avoid-conflict-with-guava\listenablefuture-9999.0-empty-to-avoid-conflict-with-guava.jar;C:\Users\SEHER\.m2\repository\com\google\code\findbugs\jsr305\3.0.2\jsr305-3.0.2.jar;C:\Users\SEHER\.m2\repository\org\checkerframework\checker-qual\2.8.1\checker-qual-2.8.1.jar;C:\Users\SEHER\.m2\repository\com\google\errorprone\error_prone_annotations\2.3.2\error_prone_annotations-2.3.2.jar;C:\Users\SEHER\.m2\repository\com\google\j2objc\j2objc-annotations\1.3\j2objc-annotations-1.3.jar;C:\Users\SEHER\.m2\repository\org\codehaus\mojo\animal-sniffer-annotations\1.18\animal-sniffer-annotations-1.18.jar;C:\Users\SEHER\.m2\repository\io\grpc\grpc-netty-shaded\1.25.0\grpc-netty-shaded-1.25.0.jar;C:\Users\SEHER\.m2\repository\io\grpc\grpc-core\1.25.0\grpc-core-1.25.0.jar;C:\Users\SEHER\.m2\repository\io\grpc\grpc-api\1.25.0\grpc-api-1.25.0.jar;C:\Users\SEHER\.m2\repository\io\grpc\grpc-context\1.25.0\grpc-context-1.25.0.jar;C:\Users\SEHER\.m2\repository\com\google\android\annotations\4.1.1.4\annotations-4.1.1.4.jar;C:\Users\SEHER\.m2\repository\io\perfmark\perfmark-api\0.19.0\perfmark-api-0.19.0.jar;C:\Users\SEHER\.m2\repository\io\opencensus\opencensus-api\0.21.0\opencensus-api-0.21.0.jar;C:\Users\SEHER\.m2\repository\io\opencensus\opencensus-contrib-grpc-metrics\0.21.0\opencensus-contrib-grpc-metrics-0.21.0.jar;C:\Users\SEHER\.m2\repository\io\grpc\grpc-protobuf\1.24.1\grpc-protobuf-1.24.1.jar;C:\Users\SEHER\.m2\repository\com\google\api\grpc\proto-google-common-protos\1.12.0\proto-google-common-protos-1.12.0.jar;C:\Users\SEHER\.m2\repository\io\grpc\grpc-protobuf-lite\1.24.1\grpc-protobuf-lite-1.24.1.jar;C:\Users\SEHER\.m2\repository\io\grpc\grpc-stub\1.24.1\grpc-stub-1.24.1.jar;C:\Users\SEHER\.m2\repository\javax\annotation\javax.annotation-api\1.3.2\javax.annotation-api-1.3.2.jar;C:\Users\SEHER\.m2\repository\io\appium\java-client\7.3.0\java-client-7.3.0.jar;C:\Users\SEHER\.m2\repository\org\seleniumhq\selenium\selenium-java\3.141.59\selenium-java-3.141.59.jar;C:\Users\SEHER\.m2\repository\org\seleniumhq\selenium\selenium-chrome-driver\3.141.59\selenium-chrome-driver-3.141.59.jar;C:\Users\SEHER\.m2\repository\org\seleniumhq\selenium\selenium-edge-driver\3.141.59\selenium-edge-driver-3.141.59.jar;C:\Users\SEHER\.m2\repository\org\seleniumhq\selenium\selenium-firefox-driver\3.141.59\selenium-firefox-driver-3.141.59.jar;C:\Users\SEHER\.m2\repository\org\seleniumhq\selenium\selenium-ie-driver\3.141.59\selenium-ie-driver-3.141.59.jar;C:\Users\SEHER\.m2\repository\org\seleniumhq\selenium\selenium-opera-driver\3.141.59\selenium-opera-driver-3.141.59.jar;C:\Users\SEHER\.m2\repository\org\seleniumhq\selenium\selenium-safari-driver\3.141.59\selenium-safari-driver-3.141.59.jar;C:\Users\SEHER\.m2\repository\org\seleniumhq\selenium\selenium-api\3.141.59\selenium-api-3.141.59.jar;C:\Users\SEHER\.m2\repository\com\google\code\gson\gson\2.8.5\gson-2.8.5.jar;C:\Users\SEHER\.m2\repository\org\apache\httpcomponents\httpclient\4.5.9\httpclient-4.5.9.jar;C:\Users\SEHER\.m2\repository\org\apache\httpcomponents\httpcore\4.4.11\httpcore-4.4.11.jar;C:\Users\SEHER\.m2\repository\commons-logging\commons-logging\1.2\commons-logging-1.2.jar;C:\Users\SEHER\.m2\repository\commons-codec\commons-codec\1.11\commons-codec-1.11.jar;C:\Users\SEHER\.m2\repository\cglib\cglib\3.2.12\cglib-3.2.12.jar;C:\Users\SEHER\.m2\repository\org\ow2\asm\asm\7.1\asm-7.1.jar;C:\Users\SEHER\.m2\repository\commons-validator\commons-validator\1.6\commons-validator-1.6.jar;C:\Users\SEHER\.m2\repository\commons-beanutils\commons-beanutils\1.9.2\commons-beanutils-1.9.2.jar;C:\Users\SEHER\.m2\repository\commons-digester\commons-digester\1.8.1\commons-digester-1.8.1.jar;C:\Users\SEHER\.m2\repository\commons-collections\commons-collections\3.2.2\commons-collections-3.2.2.jar;C:\Users\SEHER\.m2\repository\org\apache\commons\commons-lang3\3.9\commons-lang3-3.9.jar;C:\Users\SEHER\.m2\repository\org\springframework\spring-context\5.1.8.RELEASE\spring-context-5.1.8.RELEASE.jar;C:\Users\SEHER\.m2\repository\org\springframework\spring-aop\5.1.8.RELEASE\spring-aop-5.1.8.RELEASE.jar;C:\Users\SEHER\.m2\repository\org\springframework\spring-beans\5.1.8.RELEASE\spring-beans-5.1.8.RELEASE.jar;C:\Users\SEHER\.m2\repository\org\springframework\spring-core\5.1.8.RELEASE\spring-core-5.1.8.RELEASE.jar;C:\Users\SEHER\.m2\repository\org\springframework\spring-jcl\5.1.8.RELEASE\spring-jcl-5.1.8.RELEASE.jar;C:\Users\SEHER\.m2\repository\org\springframework\spring-expression\5.1.8.RELEASE\spring-expression-5.1.8.RELEASE.jar;C:\Users\SEHER\.m2\repository\org\aspectj\aspectjweaver\1.9.4\aspectjweaver-1.9.4.jar;C:\Users\SEHER\.m2\repository\org\slf4j\slf4j-api\1.7.30\slf4j-api-1.7.30.jar;C:\Users\SEHER\.m2\repository\org\slf4j\slf4j-log4j12\1.7.30\slf4j-log4j12-1.7.30.jar;C:\Users\SEHER\.m2\repository\log4j\log4j\1.2.17\log4j-1.2.17.jar;C:\Users\SEHER\.m2\repository\org\seleniumhq\selenium\selenium-support\3.141.59\selenium-support-3.141.59.jar;C:\Users\SEHER\.m2\repository\org\seleniumhq\selenium\selenium-remote-driver\3.141.59\selenium-remote-driver-3.141.59.jar;C:\Users\SEHER\.m2\repository\net\bytebuddy\byte-buddy\1.8.15\byte-buddy-1.8.15.jar;C:\Users\SEHER\.m2\repository\org\apache\commons\commons-exec\1.3\commons-exec-1.3.jar;C:\Users\SEHER\.m2\repository\com\squareup\okhttp3\okhttp\3.11.0\okhttp-3.11.0.jar;C:\Users\SEHER\.m2\repository\com\squareup\okio\okio\1.14.0\okio-1.14.0.jar;C:\Users\SEHER\.m2\repository\org\javassist\javassist\3.21.0-GA\javassist-3.21.0-GA.jar;C:\Users\SEHER\.m2\repository\org\assertj\assertj-core\3.14.0\assertj-core-3.14.0.jar
14-06-2021 23:25:28.621 [Gauge] [DEBUG] Checking updates...
14-06-2021 23:25:28.624 [Gauge] [DEBUG] Downloading https://downloads.gauge.org/plugin/html-report?l=java&p=html-report,java,screenshot,spectacle,xml-report&o=windows&a=386
14-06-2021 23:25:28.676 [java] [DEBUG] Connecting to port: 53889
14-06-2021 23:25:28.687 [Gauge] [DEBUG] Established connection to runner.
14-06-2021 23:25:28.687 [Gauge] [DEBUG] Validation started.
14-06-2021 23:25:28.687 [java] [DEBUG] Connected to 127.0.0.1:53889
14-06-2021 23:25:29.115 [Gauge] [DEBUG] Downloading https://downloads.gauge.org/plugin/java?l=java&p=html-report,java,screenshot,spectacle,xml-report&o=windows&a=386
14-06-2021 23:25:29.284 [Gauge] [DEBUG] Downloading https://downloads.gauge.org/plugin/screenshot?l=java&p=html-report,java,screenshot,spectacle,xml-report&o=windows&a=386
14-06-2021 23:25:29.498 [Gauge] [DEBUG] Downloading https://downloads.gauge.org/plugin/spectacle?l=java&p=html-report,java,screenshot,spectacle,xml-report&o=windows&a=386
14-06-2021 23:25:29.702 [Gauge] [DEBUG] Downloading https://downloads.gauge.org/plugin/xml-report?l=java&p=html-report,java,screenshot,spectacle,xml-report&o=windows&a=386
14-06-2021 23:25:37.178 [java] [DEBUG] Scanning packages for steps
14-06-2021 23:25:37.342 [java] [DEBUG] Scanning packages for hooks
14-06-2021 23:25:45.060 [Gauge] [DEBUG] Validation completed.
14-06-2021 23:25:45.061 [Gauge] [DEBUG] Run started
14-06-2021 23:25:45.064 [Gauge] [DEBUG] Starting Html Report plugin
14-06-2021 23:25:45.105 [Gauge] [DEBUG] Attempting to connect to grpc server at port: 53901
14-06-2021 23:25:45.107 [Gauge] [DEBUG] Successfully made the connection with plugin with port: 53901
14-06-2021 23:25:45.107 [Gauge] [DEBUG] Initialising suite data store.
14-06-2021 23:26:13.066 [html-report] [DEBUG] Transformed SuiteResult to report structure
14-06-2021 23:26:13.112 [html-report] [INFO] Successfully generated html-report to => C:\Users\SEHER\IdeaProjects\EducationMobile\reports\html-report\index.html
14-06-2021 23:26:13.112 [html-report] [DEBUG] Done generating HTML report using theme from C:\Users\SEHER\AppData\Roaming\gauge\plugins\html-report\4.0.9\themes\default
14-06-2021 23:26:13.112 [Gauge] [DEBUG] Sending kill message to Html Report plugin.
14-06-2021 23:26:13.113 [Gauge] [DEBUG] Sending kill message to runner.
14-06-2021 23:26:13.115 [java] [DEBUG] Kill process request recieved
14-06-2021 23:26:13.214 [Gauge] [DEBUG] Runner with PID:16612 has exited
14-06-2021 23:26:13.214 [Gauge] [INFO] Specifications:	1 executed	1 passed	0 failed	0 skipped
14-06-2021 23:26:13.214 [Gauge] [INFO] Scenarios:	1 executed	1 passed	0 failed	0 skipped
14-06-2021 23:26:13.214 [Gauge] [INFO] 
Total time taken: 28.003s
14-06-2021 23:26:13.215 [Gauge] [INFO] Updates are available. Run `gauge update -c` for more info.
14-06-2021 23:32:22.716 [Gauge] [DEBUG] Created gauge_screenshots_dir at C:\Users\SEHER\IdeaProjects\EducationMobile\.gauge\screenshots
14-06-2021 23:32:22.719 [Gauge] [DEBUG] Plugin java is already installed.
14-06-2021 23:32:22.720 [Gauge] [DEBUG] Plugin html-report is already installed.
14-06-2021 23:32:22.721 [Gauge] [DEBUG] Parsing started.
14-06-2021 23:32:22.721 [Gauge] [DEBUG] Started concepts parsing.
14-06-2021 23:32:22.727 [Gauge] [DEBUG] 2 concepts parsing completed.
14-06-2021 23:32:22.728 [Gauge] [DEBUG] Started specifications parsing.
14-06-2021 23:32:22.728 [Gauge] [DEBUG] 1 specifications parsing completed.
14-06-2021 23:32:22.728 [Gauge] [DEBUG] Parsing completed.
14-06-2021 23:32:22.731 [Gauge] [DEBUG] Staring java runner
14-06-2021 23:32:22.771 [java] [DEBUG] classpath set to C:\Program Files (x86)\Java\jdk1.8.0_271\jre\lib\charsets.jar;C:\Program Files (x86)\Java\jdk1.8.0_271\jre\lib\deploy.jar;C:\Program Files (x86)\Java\jdk1.8.0_271\jre\lib\ext\access-bridge-32.jar;C:\Program Files (x86)\Java\jdk1.8.0_271\jre\lib\ext\cldrdata.jar;C:\Program Files (x86)\Java\jdk1.8.0_271\jre\lib\ext\dnsns.jar;C:\Program Files (x86)\Java\jdk1.8.0_271\jre\lib\ext\jaccess.jar;C:\Program Files (x86)\Java\jdk1.8.0_271\jre\lib\ext\jfxrt.jar;C:\Program Files (x86)\Java\jdk1.8.0_271\jre\lib\ext\localedata.jar;C:\Program Files (x86)\Java\jdk1.8.0_271\jre\lib\ext\nashorn.jar;C:\Program Files (x86)\Java\jdk1.8.0_271\jre\lib\ext\sunec.jar;C:\Program Files (x86)\Java\jdk1.8.0_271\jre\lib\ext\sunjce_provider.jar;C:\Program Files (x86)\Java\jdk1.8.0_271\jre\lib\ext\sunmscapi.jar;C:\Program Files (x86)\Java\jdk1.8.0_271\jre\lib\ext\sunpkcs11.jar;C:\Program Files (x86)\Java\jdk1.8.0_271\jre\lib\ext\zipfs.jar;C:\Program Files (x86)\Java\jdk1.8.0_271\jre\lib\javaws.jar;C:\Program Files (x86)\Java\jdk1.8.0_271\jre\lib\jce.jar;C:\Program Files (x86)\Java\jdk1.8.0_271\jre\lib\jfr.jar;C:\Program Files (x86)\Java\jdk1.8.0_271\jre\lib\jfxswt.jar;C:\Program Files (x86)\Java\jdk1.8.0_271\jre\lib\jsse.jar;C:\Program Files (x86)\Java\jdk1.8.0_271\jre\lib\management-agent.jar;C:\Program Files (x86)\Java\jdk1.8.0_271\jre\lib\plugin.jar;C:\Program Files (x86)\Java\jdk1.8.0_271\jre\lib\resources.jar;C:\Program Files (x86)\Java\jdk1.8.0_271\jre\lib\rt.jar;C:\Users\SEHER\IdeaProjects\EducationMobile\target\test-classes;C:\Users\SEHER\.m2\repository\junit\junit\4.12\junit-4.12.jar;C:\Users\SEHER\.m2\repository\org\hamcrest\hamcrest-core\1.3\hamcrest-core-1.3.jar;C:\Users\SEHER\.m2\repository\com\thoughtworks\gauge\gauge-java\0.7.3\gauge-java-0.7.3.jar;C:\Users\SEHER\.m2\repository\org\reflections\reflections\0.9.11\reflections-0.9.11.jar;C:\Users\SEHER\.m2\repository\com\github\javaparser\javaparser-core\2.5.1\javaparser-core-2.5.1.jar;C:\Users\SEHER\.m2\repository\commons-io\commons-io\2.6\commons-io-2.6.jar;C:\Users\SEHER\.m2\repository\commons-lang\commons-lang\2.6\commons-lang-2.6.jar;C:\Users\SEHER\.m2\repository\org\json\json\20190722\json-20190722.jar;C:\Users\SEHER\.m2\repository\com\google\protobuf\protobuf-java\3.10.0\protobuf-java-3.10.0.jar;C:\Users\SEHER\.m2\repository\com\google\guava\guava\28.1-jre\guava-28.1-jre.jar;C:\Users\SEHER\.m2\repository\com\google\guava\failureaccess\1.0.1\failureaccess-1.0.1.jar;C:\Users\SEHER\.m2\repository\com\google\guava\listenablefuture\9999.0-empty-to-avoid-conflict-with-guava\listenablefuture-9999.0-empty-to-avoid-conflict-with-guava.jar;C:\Users\SEHER\.m2\repository\com\google\code\findbugs\jsr305\3.0.2\jsr305-3.0.2.jar;C:\Users\SEHER\.m2\repository\org\checkerframework\checker-qual\2.8.1\checker-qual-2.8.1.jar;C:\Users\SEHER\.m2\repository\com\google\errorprone\error_prone_annotations\2.3.2\error_prone_annotations-2.3.2.jar;C:\Users\SEHER\.m2\repository\com\google\j2objc\j2objc-annotations\1.3\j2objc-annotations-1.3.jar;C:\Users\SEHER\.m2\repository\org\codehaus\mojo\animal-sniffer-annotations\1.18\animal-sniffer-annotations-1.18.jar;C:\Users\SEHER\.m2\repository\io\grpc\grpc-netty-shaded\1.25.0\grpc-netty-shaded-1.25.0.jar;C:\Users\SEHER\.m2\repository\io\grpc\grpc-core\1.25.0\grpc-core-1.25.0.jar;C:\Users\SEHER\.m2\repository\io\grpc\grpc-api\1.25.0\grpc-api-1.25.0.jar;C:\Users\SEHER\.m2\repository\io\grpc\grpc-context\1.25.0\grpc-context-1.25.0.jar;C:\Users\SEHER\.m2\repository\com\google\android\annotations\4.1.1.4\annotations-4.1.1.4.jar;C:\Users\SEHER\.m2\repository\io\perfmark\perfmark-api\0.19.0\perfmark-api-0.19.0.jar;C:\Users\SEHER\.m2\repository\io\opencensus\opencensus-api\0.21.0\opencensus-api-0.21.0.jar;C:\Users\SEHER\.m2\repository\io\opencensus\opencensus-contrib-grpc-metrics\0.21.0\opencensus-contrib-grpc-metrics-0.21.0.jar;C:\Users\SEHER\.m2\repository\io\grpc\grpc-protobuf\1.24.1\grpc-protobuf-1.24.1.jar;C:\Users\SEHER\.m2\repository\com\google\api\grpc\proto-google-common-protos\1.12.0\proto-google-common-protos-1.12.0.jar;C:\Users\SEHER\.m2\repository\io\grpc\grpc-protobuf-lite\1.24.1\grpc-protobuf-lite-1.24.1.jar;C:\Users\SEHER\.m2\repository\io\grpc\grpc-stub\1.24.1\grpc-stub-1.24.1.jar;C:\Users\SEHER\.m2\repository\javax\annotation\javax.annotation-api\1.3.2\javax.annotation-api-1.3.2.jar;C:\Users\SEHER\.m2\repository\io\appium\java-client\7.3.0\java-client-7.3.0.jar;C:\Users\SEHER\.m2\repository\org\seleniumhq\selenium\selenium-java\3.141.59\selenium-java-3.141.59.jar;C:\Users\SEHER\.m2\repository\org\seleniumhq\selenium\selenium-chrome-driver\3.141.59\selenium-chrome-driver-3.141.59.jar;C:\Users\SEHER\.m2\repository\org\seleniumhq\selenium\selenium-edge-driver\3.141.59\selenium-edge-driver-3.141.59.jar;C:\Users\SEHER\.m2\repository\org\seleniumhq\selenium\selenium-firefox-driver\3.141.59\selenium-firefox-driver-3.141.59.jar;C:\Users\SEHER\.m2\repository\org\seleniumhq\selenium\selenium-ie-driver\3.141.59\selenium-ie-driver-3.141.59.jar;C:\Users\SEHER\.m2\repository\org\seleniumhq\selenium\selenium-opera-driver\3.141.59\selenium-opera-driver-3.141.59.jar;C:\Users\SEHER\.m2\repository\org\seleniumhq\selenium\selenium-safari-driver\3.141.59\selenium-safari-driver-3.141.59.jar;C:\Users\SEHER\.m2\repository\org\seleniumhq\selenium\selenium-api\3.141.59\selenium-api-3.141.59.jar;C:\Users\SEHER\.m2\repository\com\google\code\gson\gson\2.8.5\gson-2.8.5.jar;C:\Users\SEHER\.m2\repository\org\apache\httpcomponents\httpclient\4.5.9\httpclient-4.5.9.jar;C:\Users\SEHER\.m2\repository\org\apache\httpcomponents\httpcore\4.4.11\httpcore-4.4.11.jar;C:\Users\SEHER\.m2\repository\commons-logging\commons-logging\1.2\commons-logging-1.2.jar;C:\Users\SEHER\.m2\repository\commons-codec\commons-codec\1.11\commons-codec-1.11.jar;C:\Users\SEHER\.m2\repository\cglib\cglib\3.2.12\cglib-3.2.12.jar;C:\Users\SEHER\.m2\repository\org\ow2\asm\asm\7.1\asm-7.1.jar;C:\Users\SEHER\.m2\repository\commons-validator\commons-validator\1.6\commons-validator-1.6.jar;C:\Users\SEHER\.m2\repository\commons-beanutils\commons-beanutils\1.9.2\commons-beanutils-1.9.2.jar;C:\Users\SEHER\.m2\repository\commons-digester\commons-digester\1.8.1\commons-digester-1.8.1.jar;C:\Users\SEHER\.m2\repository\commons-collections\commons-collections\3.2.2\commons-collections-3.2.2.jar;C:\Users\SEHER\.m2\repository\org\apache\commons\commons-lang3\3.9\commons-lang3-3.9.jar;C:\Users\SEHER\.m2\repository\org\springframework\spring-context\5.1.8.RELEASE\spring-context-5.1.8.RELEASE.jar;C:\Users\SEHER\.m2\repository\org\springframework\spring-aop\5.1.8.RELEASE\spring-aop-5.1.8.RELEASE.jar;C:\Users\SEHER\.m2\repository\org\springframework\spring-beans\5.1.8.RELEASE\spring-beans-5.1.8.RELEASE.jar;C:\Users\SEHER\.m2\repository\org\springframework\spring-core\5.1.8.RELEASE\spring-core-5.1.8.RELEASE.jar;C:\Users\SEHER\.m2\repository\org\springframework\spring-jcl\5.1.8.RELEASE\spring-jcl-5.1.8.RELEASE.jar;C:\Users\SEHER\.m2\repository\org\springframework\spring-expression\5.1.8.RELEASE\spring-expression-5.1.8.RELEASE.jar;C:\Users\SEHER\.m2\repository\org\aspectj\aspectjweaver\1.9.4\aspectjweaver-1.9.4.jar;C:\Users\SEHER\.m2\repository\org\slf4j\slf4j-api\1.7.30\slf4j-api-1.7.30.jar;C:\Users\SEHER\.m2\repository\org\slf4j\slf4j-log4j12\1.7.30\slf4j-log4j12-1.7.30.jar;C:\Users\SEHER\.m2\repository\log4j\log4j\1.2.17\log4j-1.2.17.jar;C:\Users\SEHER\.m2\repository\org\seleniumhq\selenium\selenium-support\3.141.59\selenium-support-3.141.59.jar;C:\Users\SEHER\.m2\repository\org\seleniumhq\selenium\selenium-remote-driver\3.141.59\selenium-remote-driver-3.141.59.jar;C:\Users\SEHER\.m2\repository\net\bytebuddy\byte-buddy\1.8.15\byte-buddy-1.8.15.jar;C:\Users\SEHER\.m2\repository\org\apache\commons\commons-exec\1.3\commons-exec-1.3.jar;C:\Users\SEHER\.m2\repository\com\squareup\okhttp3\okhttp\3.11.0\okhttp-3.11.0.jar;C:\Users\SEHER\.m2\repository\com\squareup\okio\okio\1.14.0\okio-1.14.0.jar;C:\Users\SEHER\.m2\repository\org\javassist\javassist\3.21.0-GA\javassist-3.21.0-GA.jar;C:\Users\SEHER\.m2\repository\org\assertj\assertj-core\3.14.0\assertj-core-3.14.0.jar
14-06-2021 23:32:23.179 [java] [DEBUG] Connecting to port: 59732
14-06-2021 23:32:23.190 [Gauge] [DEBUG] Established connection to runner.
14-06-2021 23:32:23.190 [Gauge] [DEBUG] Validation started.
14-06-2021 23:32:23.190 [java] [DEBUG] Connected to 127.0.0.1:59732
14-06-2021 23:32:23.197 [Gauge] [DEBUG] Checking updates...
14-06-2021 23:32:23.200 [Gauge] [DEBUG] Downloading https://downloads.gauge.org/plugin/html-report?l=java&p=html-report,java,screenshot,spectacle,xml-report&o=windows&a=386
14-06-2021 23:32:23.932 [Gauge] [DEBUG] Downloading https://downloads.gauge.org/plugin/java?l=java&p=html-report,java,screenshot,spectacle,xml-report&o=windows&a=386
14-06-2021 23:32:24.195 [Gauge] [DEBUG] Downloading https://downloads.gauge.org/plugin/screenshot?l=java&p=html-report,java,screenshot,spectacle,xml-report&o=windows&a=386
14-06-2021 23:32:24.472 [Gauge] [DEBUG] Downloading https://downloads.gauge.org/plugin/spectacle?l=java&p=html-report,java,screenshot,spectacle,xml-report&o=windows&a=386
14-06-2021 23:32:24.738 [Gauge] [DEBUG] Downloading https://downloads.gauge.org/plugin/xml-report?l=java&p=html-report,java,screenshot,spectacle,xml-report&o=windows&a=386
14-06-2021 23:32:31.762 [java] [DEBUG] Scanning packages for steps
14-06-2021 23:32:31.940 [java] [DEBUG] Scanning packages for hooks
14-06-2021 23:32:39.432 [Gauge] [DEBUG] Validation completed.
14-06-2021 23:32:39.433 [Gauge] [DEBUG] Run started
14-06-2021 23:32:39.437 [Gauge] [DEBUG] Starting Html Report plugin
14-06-2021 23:32:39.485 [Gauge] [DEBUG] Attempting to connect to grpc server at port: 59744
14-06-2021 23:32:39.486 [Gauge] [DEBUG] Successfully made the connection with plugin with port: 59744
14-06-2021 23:32:39.486 [Gauge] [DEBUG] Initialising suite data store.
14-06-2021 23:33:05.975 [html-report] [DEBUG] Transformed SuiteResult to report structure
14-06-2021 23:33:06.030 [html-report] [INFO] Successfully generated html-report to => C:\Users\SEHER\IdeaProjects\EducationMobile\reports\html-report\index.html
14-06-2021 23:33:06.030 [html-report] [DEBUG] Done generating HTML report using theme from C:\Users\SEHER\AppData\Roaming\gauge\plugins\html-report\4.0.9\themes\default
14-06-2021 23:33:06.030 [Gauge] [DEBUG] Sending kill message to Html Report plugin.
14-06-2021 23:33:06.031 [Gauge] [DEBUG] Sending kill message to runner.
14-06-2021 23:33:06.033 [java] [DEBUG] Kill process request recieved
14-06-2021 23:33:06.131 [Gauge] [DEBUG] Runner with PID:22300 has exited
14-06-2021 23:33:06.131 [Gauge] [INFO] Specifications:	1 executed	1 passed	0 failed	0 skipped
14-06-2021 23:33:06.131 [Gauge] [INFO] Scenarios:	1 executed	1 passed	0 failed	0 skipped
14-06-2021 23:33:06.131 [Gauge] [INFO] 
Total time taken: 26.541s
14-06-2021 23:33:06.132 [Gauge] [INFO] Updates are available. Run `gauge update -c` for more info.
14-06-2021 23:40:22.805 [Gauge] [DEBUG] Created gauge_screenshots_dir at C:\Users\SEHER\IdeaProjects\EducationMobile\.gauge\screenshots
14-06-2021 23:40:22.807 [Gauge] [DEBUG] Plugin java is already installed.
14-06-2021 23:40:22.808 [Gauge] [DEBUG] Plugin html-report is already installed.
14-06-2021 23:40:22.810 [Gauge] [DEBUG] Parsing started.
14-06-2021 23:40:22.810 [Gauge] [DEBUG] Started concepts parsing.
14-06-2021 23:40:22.816 [Gauge] [DEBUG] 2 concepts parsing completed.
14-06-2021 23:40:22.816 [Gauge] [DEBUG] Started specifications parsing.
14-06-2021 23:40:22.817 [Gauge] [DEBUG] 1 specifications parsing completed.
14-06-2021 23:40:22.818 [Gauge] [DEBUG] Parsing completed.
14-06-2021 23:40:22.821 [Gauge] [DEBUG] Staring java runner
14-06-2021 23:40:22.864 [java] [DEBUG] classpath set to C:\Program Files (x86)\Java\jdk1.8.0_271\jre\lib\charsets.jar;C:\Program Files (x86)\Java\jdk1.8.0_271\jre\lib\deploy.jar;C:\Program Files (x86)\Java\jdk1.8.0_271\jre\lib\ext\access-bridge-32.jar;C:\Program Files (x86)\Java\jdk1.8.0_271\jre\lib\ext\cldrdata.jar;C:\Program Files (x86)\Java\jdk1.8.0_271\jre\lib\ext\dnsns.jar;C:\Program Files (x86)\Java\jdk1.8.0_271\jre\lib\ext\jaccess.jar;C:\Program Files (x86)\Java\jdk1.8.0_271\jre\lib\ext\jfxrt.jar;C:\Program Files (x86)\Java\jdk1.8.0_271\jre\lib\ext\localedata.jar;C:\Program Files (x86)\Java\jdk1.8.0_271\jre\lib\ext\nashorn.jar;C:\Program Files (x86)\Java\jdk1.8.0_271\jre\lib\ext\sunec.jar;C:\Program Files (x86)\Java\jdk1.8.0_271\jre\lib\ext\sunjce_provider.jar;C:\Program Files (x86)\Java\jdk1.8.0_271\jre\lib\ext\sunmscapi.jar;C:\Program Files (x86)\Java\jdk1.8.0_271\jre\lib\ext\sunpkcs11.jar;C:\Program Files (x86)\Java\jdk1.8.0_271\jre\lib\ext\zipfs.jar;C:\Program Files (x86)\Java\jdk1.8.0_271\jre\lib\javaws.jar;C:\Program Files (x86)\Java\jdk1.8.0_271\jre\lib\jce.jar;C:\Program Files (x86)\Java\jdk1.8.0_271\jre\lib\jfr.jar;C:\Program Files (x86)\Java\jdk1.8.0_271\jre\lib\jfxswt.jar;C:\Program Files (x86)\Java\jdk1.8.0_271\jre\lib\jsse.jar;C:\Program Files (x86)\Java\jdk1.8.0_271\jre\lib\management-agent.jar;C:\Program Files (x86)\Java\jdk1.8.0_271\jre\lib\plugin.jar;C:\Program Files (x86)\Java\jdk1.8.0_271\jre\lib\resources.jar;C:\Program Files (x86)\Java\jdk1.8.0_271\jre\lib\rt.jar;C:\Users\SEHER\IdeaProjects\EducationMobile\target\test-classes;C:\Users\SEHER\.m2\repository\junit\junit\4.12\junit-4.12.jar;C:\Users\SEHER\.m2\repository\org\hamcrest\hamcrest-core\1.3\hamcrest-core-1.3.jar;C:\Users\SEHER\.m2\repository\com\thoughtworks\gauge\gauge-java\0.7.3\gauge-java-0.7.3.jar;C:\Users\SEHER\.m2\repository\org\reflections\reflections\0.9.11\reflections-0.9.11.jar;C:\Users\SEHER\.m2\repository\com\github\javaparser\javaparser-core\2.5.1\javaparser-core-2.5.1.jar;C:\Users\SEHER\.m2\repository\commons-io\commons-io\2.6\commons-io-2.6.jar;C:\Users\SEHER\.m2\repository\commons-lang\commons-lang\2.6\commons-lang-2.6.jar;C:\Users\SEHER\.m2\repository\org\json\json\20190722\json-20190722.jar;C:\Users\SEHER\.m2\repository\com\google\protobuf\protobuf-java\3.10.0\protobuf-java-3.10.0.jar;C:\Users\SEHER\.m2\repository\com\google\guava\guava\28.1-jre\guava-28.1-jre.jar;C:\Users\SEHER\.m2\repository\com\google\guava\failureaccess\1.0.1\failureaccess-1.0.1.jar;C:\Users\SEHER\.m2\repository\com\google\guava\listenablefuture\9999.0-empty-to-avoid-conflict-with-guava\listenablefuture-9999.0-empty-to-avoid-conflict-with-guava.jar;C:\Users\SEHER\.m2\repository\com\google\code\findbugs\jsr305\3.0.2\jsr305-3.0.2.jar;C:\Users\SEHER\.m2\repository\org\checkerframework\checker-qual\2.8.1\checker-qual-2.8.1.jar;C:\Users\SEHER\.m2\repository\com\google\errorprone\error_prone_annotations\2.3.2\error_prone_annotations-2.3.2.jar;C:\Users\SEHER\.m2\repository\com\google\j2objc\j2objc-annotations\1.3\j2objc-annotations-1.3.jar;C:\Users\SEHER\.m2\repository\org\codehaus\mojo\animal-sniffer-annotations\1.18\animal-sniffer-annotations-1.18.jar;C:\Users\SEHER\.m2\repository\io\grpc\grpc-netty-shaded\1.25.0\grpc-netty-shaded-1.25.0.jar;C:\Users\SEHER\.m2\repository\io\grpc\grpc-core\1.25.0\grpc-core-1.25.0.jar;C:\Users\SEHER\.m2\repository\io\grpc\grpc-api\1.25.0\grpc-api-1.25.0.jar;C:\Users\SEHER\.m2\repository\io\grpc\grpc-context\1.25.0\grpc-context-1.25.0.jar;C:\Users\SEHER\.m2\repository\com\google\android\annotations\4.1.1.4\annotations-4.1.1.4.jar;C:\Users\SEHER\.m2\repository\io\perfmark\perfmark-api\0.19.0\perfmark-api-0.19.0.jar;C:\Users\SEHER\.m2\repository\io\opencensus\opencensus-api\0.21.0\opencensus-api-0.21.0.jar;C:\Users\SEHER\.m2\repository\io\opencensus\opencensus-contrib-grpc-metrics\0.21.0\opencensus-contrib-grpc-metrics-0.21.0.jar;C:\Users\SEHER\.m2\repository\io\grpc\grpc-protobuf\1.24.1\grpc-protobuf-1.24.1.jar;C:\Users\SEHER\.m2\repository\com\google\api\grpc\proto-google-common-protos\1.12.0\proto-google-common-protos-1.12.0.jar;C:\Users\SEHER\.m2\repository\io\grpc\grpc-protobuf-lite\1.24.1\grpc-protobuf-lite-1.24.1.jar;C:\Users\SEHER\.m2\repository\io\grpc\grpc-stub\1.24.1\grpc-stub-1.24.1.jar;C:\Users\SEHER\.m2\repository\javax\annotation\javax.annotation-api\1.3.2\javax.annotation-api-1.3.2.jar;C:\Users\SEHER\.m2\repository\io\appium\java-client\7.3.0\java-client-7.3.0.jar;C:\Users\SEHER\.m2\repository\org\seleniumhq\selenium\selenium-java\3.141.59\selenium-java-3.141.59.jar;C:\Users\SEHER\.m2\repository\org\seleniumhq\selenium\selenium-chrome-driver\3.141.59\selenium-chrome-driver-3.141.59.jar;C:\Users\SEHER\.m2\repository\org\seleniumhq\selenium\selenium-edge-driver\3.141.59\selenium-edge-driver-3.141.59.jar;C:\Users\SEHER\.m2\repository\org\seleniumhq\selenium\selenium-firefox-driver\3.141.59\selenium-firefox-driver-3.141.59.jar;C:\Users\SEHER\.m2\repository\org\seleniumhq\selenium\selenium-ie-driver\3.141.59\selenium-ie-driver-3.141.59.jar;C:\Users\SEHER\.m2\repository\org\seleniumhq\selenium\selenium-opera-driver\3.141.59\selenium-opera-driver-3.141.59.jar;C:\Users\SEHER\.m2\repository\org\seleniumhq\selenium\selenium-safari-driver\3.141.59\selenium-safari-driver-3.141.59.jar;C:\Users\SEHER\.m2\repository\org\seleniumhq\selenium\selenium-api\3.141.59\selenium-api-3.141.59.jar;C:\Users\SEHER\.m2\repository\com\google\code\gson\gson\2.8.5\gson-2.8.5.jar;C:\Users\SEHER\.m2\repository\org\apache\httpcomponents\httpclient\4.5.9\httpclient-4.5.9.jar;C:\Users\SEHER\.m2\repository\org\apache\httpcomponents\httpcore\4.4.11\httpcore-4.4.11.jar;C:\Users\SEHER\.m2\repository\commons-logging\commons-logging\1.2\commons-logging-1.2.jar;C:\Users\SEHER\.m2\repository\commons-codec\commons-codec\1.11\commons-codec-1.11.jar;C:\Users\SEHER\.m2\repository\cglib\cglib\3.2.12\cglib-3.2.12.jar;C:\Users\SEHER\.m2\repository\org\ow2\asm\asm\7.1\asm-7.1.jar;C:\Users\SEHER\.m2\repository\commons-validator\commons-validator\1.6\commons-validator-1.6.jar;C:\Users\SEHER\.m2\repository\commons-beanutils\commons-beanutils\1.9.2\commons-beanutils-1.9.2.jar;C:\Users\SEHER\.m2\repository\commons-digester\commons-digester\1.8.1\commons-digester-1.8.1.jar;C:\Users\SEHER\.m2\repository\commons-collections\commons-collections\3.2.2\commons-collections-3.2.2.jar;C:\Users\SEHER\.m2\repository\org\apache\commons\commons-lang3\3.9\commons-lang3-3.9.jar;C:\Users\SEHER\.m2\repository\org\springframework\spring-context\5.1.8.RELEASE\spring-context-5.1.8.RELEASE.jar;C:\Users\SEHER\.m2\repository\org\springframework\spring-aop\5.1.8.RELEASE\spring-aop-5.1.8.RELEASE.jar;C:\Users\SEHER\.m2\repository\org\springframework\spring-beans\5.1.8.RELEASE\spring-beans-5.1.8.RELEASE.jar;C:\Users\SEHER\.m2\repository\org\springframework\spring-core\5.1.8.RELEASE\spring-core-5.1.8.RELEASE.jar;C:\Users\SEHER\.m2\repository\org\springframework\spring-jcl\5.1.8.RELEASE\spring-jcl-5.1.8.RELEASE.jar;C:\Users\SEHER\.m2\repository\org\springframework\spring-expression\5.1.8.RELEASE\spring-expression-5.1.8.RELEASE.jar;C:\Users\SEHER\.m2\repository\org\aspectj\aspectjweaver\1.9.4\aspectjweaver-1.9.4.jar;C:\Users\SEHER\.m2\repository\org\slf4j\slf4j-api\1.7.30\slf4j-api-1.7.30.jar;C:\Users\SEHER\.m2\repository\org\slf4j\slf4j-log4j12\1.7.30\slf4j-log4j12-1.7.30.jar;C:\Users\SEHER\.m2\repository\log4j\log4j\1.2.17\log4j-1.2.17.jar;C:\Users\SEHER\.m2\repository\org\seleniumhq\selenium\selenium-support\3.141.59\selenium-support-3.141.59.jar;C:\Users\SEHER\.m2\repository\org\seleniumhq\selenium\selenium-remote-driver\3.141.59\selenium-remote-driver-3.141.59.jar;C:\Users\SEHER\.m2\repository\net\bytebuddy\byte-buddy\1.8.15\byte-buddy-1.8.15.jar;C:\Users\SEHER\.m2\repository\org\apache\commons\commons-exec\1.3\commons-exec-1.3.jar;C:\Users\SEHER\.m2\repository\com\squareup\okhttp3\okhttp\3.11.0\okhttp-3.11.0.jar;C:\Users\SEHER\.m2\repository\com\squareup\okio\okio\1.14.0\okio-1.14.0.jar;C:\Users\SEHER\.m2\repository\org\javassist\javassist\3.21.0-GA\javassist-3.21.0-GA.jar;C:\Users\SEHER\.m2\repository\org\assertj\assertj-core\3.14.0\assertj-core-3.14.0.jar
14-06-2021 23:40:23.271 [Gauge] [DEBUG] Checking updates...
14-06-2021 23:40:23.275 [Gauge] [DEBUG] Downloading https://downloads.gauge.org/plugin/html-report?l=java&p=html-report,java,screenshot,spectacle,xml-report&o=windows&a=386
14-06-2021 23:40:23.328 [java] [DEBUG] Connecting to port: 54942
14-06-2021 23:40:23.341 [Gauge] [DEBUG] Established connection to runner.
14-06-2021 23:40:23.341 [Gauge] [DEBUG] Validation started.
14-06-2021 23:40:23.341 [java] [DEBUG] Connected to 127.0.0.1:54942
14-06-2021 23:40:23.720 [Gauge] [DEBUG] Downloading https://downloads.gauge.org/plugin/java?l=java&p=html-report,java,screenshot,spectacle,xml-report&o=windows&a=386
14-06-2021 23:40:23.886 [Gauge] [DEBUG] Downloading https://downloads.gauge.org/plugin/screenshot?l=java&p=html-report,java,screenshot,spectacle,xml-report&o=windows&a=386
14-06-2021 23:40:24.102 [Gauge] [DEBUG] Downloading https://downloads.gauge.org/plugin/spectacle?l=java&p=html-report,java,screenshot,spectacle,xml-report&o=windows&a=386
14-06-2021 23:40:24.296 [Gauge] [DEBUG] Downloading https://downloads.gauge.org/plugin/xml-report?l=java&p=html-report,java,screenshot,spectacle,xml-report&o=windows&a=386
14-06-2021 23:40:28.933 [java] [DEBUG] Scanning packages for steps
14-06-2021 23:40:29.015 [java] [DEBUG] Scanning packages for hooks
14-06-2021 23:40:32.496 [Gauge] [DEBUG] Validation completed.
14-06-2021 23:40:32.496 [Gauge] [DEBUG] Run started
14-06-2021 23:40:32.497 [Gauge] [DEBUG] Starting Html Report plugin
14-06-2021 23:40:32.527 [Gauge] [DEBUG] Attempting to connect to grpc server at port: 54952
14-06-2021 23:40:32.528 [Gauge] [DEBUG] Successfully made the connection with plugin with port: 54952
14-06-2021 23:40:32.528 [Gauge] [DEBUG] Initialising suite data store.
14-06-2021 23:41:00.076 [html-report] [DEBUG] Transformed SuiteResult to report structure
14-06-2021 23:41:00.129 [html-report] [INFO] Successfully generated html-report to => C:\Users\SEHER\IdeaProjects\EducationMobile\reports\html-report\index.html
14-06-2021 23:41:00.129 [html-report] [DEBUG] Done generating HTML report using theme from C:\Users\SEHER\AppData\Roaming\gauge\plugins\html-report\4.0.9\themes\default
14-06-2021 23:41:00.129 [Gauge] [DEBUG] Sending kill message to Html Report plugin.
14-06-2021 23:41:00.131 [Gauge] [DEBUG] Sending kill message to runner.
14-06-2021 23:41:00.133 [java] [DEBUG] Kill process request recieved
14-06-2021 23:41:00.231 [Gauge] [DEBUG] Runner with PID:10552 has exited
14-06-2021 23:41:00.231 [Gauge] [INFO] Specifications:	1 executed	1 passed	0 failed	0 skipped
14-06-2021 23:41:00.231 [Gauge] [INFO] Scenarios:	1 executed	1 passed	0 failed	0 skipped
14-06-2021 23:41:00.231 [Gauge] [INFO] 
Total time taken: 27.579s
14-06-2021 23:41:00.234 [Gauge] [INFO] Updates are available. Run `gauge update -c` for more info.
